{"/Users/nathanqueija/Desktop/projetos/querotrabalharnoapontador/next.config.js": {"path":"/Users/nathanqueija/Desktop/projetos/querotrabalharnoapontador/next.config.js","statementMap":{"0":{"start":{"line":1,"column":24},"end":{"line":1,"column":39}},"1":{"start":{"line":2,"column":11},"end":{"line":2,"column":26}},"2":{"start":{"line":4,"column":0},"end":{"line":35,"column":6}},"3":{"start":{"line":5,"column":53},"end":{"line":5,"column":61}},"4":{"start":{"line":6,"column":4},"end":{"line":28,"column":68}},"5":{"start":{"line":26,"column":28},"end":{"line":26,"column":59}},"6":{"start":{"line":27,"column":28},"end":{"line":27,"column":48}},"7":{"start":{"line":28,"column":34},"end":{"line":28,"column":53}},"8":{"start":{"line":34,"column":4},"end":{"line":34,"column":18}}},"fnMap":{"0":{"name":"webpack","decl":{"start":{"line":5,"column":20},"end":{"line":5,"column":27}},"loc":{"start":{"line":5,"column":42},"end":{"line":35,"column":3}},"line":5},"1":{"name":"(anonymous_1)","decl":{"start":{"line":26,"column":14},"end":{"line":26,"column":15}},"loc":{"start":{"line":26,"column":27},"end":{"line":26,"column":60}},"line":26},"2":{"name":"(anonymous_2)","decl":{"start":{"line":27,"column":14},"end":{"line":27,"column":15}},"loc":{"start":{"line":27,"column":27},"end":{"line":27,"column":49}},"line":27},"3":{"name":"(anonymous_3)","decl":{"start":{"line":28,"column":17},"end":{"line":28,"column":18}},"loc":{"start":{"line":28,"column":33},"end":{"line":28,"column":54}},"line":28}},"branchMap":{},"s":{"0":0,"1":0,"2":0,"3":0,"4":0,"5":0,"6":0,"7":0,"8":0},"f":{"0":0,"1":0,"2":0,"3":0},"b":{}}
,"/Users/nathanqueija/Desktop/projetos/querotrabalharnoapontador/postcss.config.js": {"path":"/Users/nathanqueija/Desktop/projetos/querotrabalharnoapontador/postcss.config.js","statementMap":{"0":{"start":{"line":1,"column":13},"end":{"line":5,"column":6}}},"fnMap":{},"branchMap":{},"s":{"0":0},"f":{},"b":{}}
}
